In file included from sub_instance_macros.h:21,
                 from test_fsm_instance_macros.h:20,
                 from test_fsm.h:142,
                 from test.c:1:
sub_subSub_priv.h:55:24: error: expected declaration specifiers or ‘...’ before ‘*’ token
   55 | typedef SUB_SUB_STATE (*TEST_FSM_SUB_SUB_SUB_ACTION_FN)(pTEST_FSM_SUB_SUB_SUB);
      |                        ^
sub_subSub_priv.h:67:14: error: unknown type name ‘TEST_FSM_SUB_SUB_SUB_ACTION_FN’
   67 | extern const TEST_FSM_SUB_SUB_SUB_ACTION_FN test_fsm_sub_subSub_action_array[test_fsm_sub_subSub_numEvents][test_fsm_sub_subSub_numStates];
      |              ^~~~~~~~~~~~~~~~~~~~~~~~~~~~~~
In file included from sub_instance_macros.h:21,
                 from test_fsm_instance_macros.h:20,
                 from test_fsm.h:142,
                 from test.c:1:
sub_subSub_priv.h:75:9: error: expected specifier-qualifier-list before ‘TEST_FSM_SUB_SUB_SUB_ACTION_FN’
   75 |         TEST_FSM_SUB_SUB_SUB_ACTION_FN   const  (*actionArray)[test_fsm_sub_subSub_numEvents][test_fsm_sub_subSub_numStates];
      |         ^~~~~~~~~~~~~~~~~~~~~~~~~~~~~~
sub_subSub_priv.h:80:1: error: unknown type name ‘SUB_SUB_STATE’; did you mean ‘SUB_SUB_SUB’?
   80 | SUB_SUB_STATE test_fsm_sub_subSub_do_nothing(pTEST_FSM_SUB_SUB_SUB);
      | ^~~~~~~~~~~~~
      | SUB_SUB_SUB
sub_subSub_priv.h:81:1: error: unknown type name ‘SUB_SUB_STATE’; did you mean ‘SUB_SUB_SUB’?
   81 | SUB_SUB_STATE test_fsm_sub_subSub_noAction(pTEST_FSM_SUB_SUB_SUB);
      | ^~~~~~~~~~~~~
      | SUB_SUB_SUB
In file included from test_fsm_instance_macros.h:22,
                 from test_fsm.h:142,
                 from test.c:1:
sub_priv.h:54:20: error: expected declaration specifiers or ‘...’ before ‘*’ token
   54 | typedef SUB_STATE (*TEST_FSM_SUB_ACTION_FN)(pTEST_FSM_SUB);
      |                    ^
sub_priv.h:103:14: error: unknown type name ‘TEST_FSM_SUB_ACTION_FN’
  103 | extern const TEST_FSM_SUB_ACTION_FN test_fsm_sub_action_array[test_fsm_sub_numEvents][test_fsm_sub_numStates];
      |              ^~~~~~~~~~~~~~~~~~~~~~
sub_priv.h:111:9: error: expected specifier-qualifier-list before ‘TEST_FSM_SUB_ACTION_FN’
  111 |         TEST_FSM_SUB_ACTION_FN   const  (*actionArray)[test_fsm_sub_numEvents][test_fsm_sub_numStates];
      |         ^~~~~~~~~~~~~~~~~~~~~~
sub_priv.h:118:1: error: unknown type name ‘SUB_STATE’
  118 | SUB_STATE test_fsm_sub_do_nothing(pTEST_FSM_SUB);
      | ^~~~~~~~~
sub_priv.h:119:1: error: unknown type name ‘SUB_STATE’
  119 | SUB_STATE test_fsm_sub_noAction(pTEST_FSM_SUB);
      | ^~~~~~~~~
In file included from sub2_instance_macros.h:21,
                 from test_fsm_instance_macros.h:50,
                 from test_fsm.h:142,
                 from test.c:1:
sub2_subSub_priv.h:55:24: error: expected declaration specifiers or ‘...’ before ‘*’ token
   55 | typedef SUB_SUB_STATE (*TEST_FSM_SUB2_SUB_SUB_ACTION_FN)(pTEST_FSM_SUB2_SUB_SUB);
      |                        ^
sub2_subSub_priv.h:67:14: error: unknown type name ‘TEST_FSM_SUB2_SUB_SUB_ACTION_FN’
   67 | extern const TEST_FSM_SUB2_SUB_SUB_ACTION_FN test_fsm_sub2_subSub_action_array[test_fsm_sub2_subSub_numEvents][test_fsm_sub2_subSub_numStates];
      |              ^~~~~~~~~~~~~~~~~~~~~~~~~~~~~~~
In file included from sub2_instance_macros.h:21,
                 from test_fsm_instance_macros.h:50,
                 from test_fsm.h:142,
                 from test.c:1:
sub2_subSub_priv.h:75:9: error: expected specifier-qualifier-list before ‘TEST_FSM_SUB2_SUB_SUB_ACTION_FN’
   75 |         TEST_FSM_SUB2_SUB_SUB_ACTION_FN   const (*actionArray)[test_fsm_sub2_subSub_numEvents][test_fsm_sub2_subSub_numStates];
      |         ^~~~~~~~~~~~~~~~~~~~~~~~~~~~~~~
sub2_subSub_priv.h:80:1: error: unknown type name ‘SUB_SUB_STATE’; did you mean ‘SUB_SUB_SUB’?
   80 | SUB_SUB_STATE test_fsm_sub2_subSub_do_nothing(pTEST_FSM_SUB2_SUB_SUB);
      | ^~~~~~~~~~~~~
      | SUB_SUB_SUB
sub2_subSub_priv.h:81:1: error: unknown type name ‘SUB_SUB_STATE’; did you mean ‘SUB_SUB_SUB’?
   81 | SUB_SUB_STATE test_fsm_sub2_subSub_noAction(pTEST_FSM_SUB2_SUB_SUB);
      | ^~~~~~~~~~~~~
      | SUB_SUB_SUB
In file included from test_fsm_instance_macros.h:52,
                 from test_fsm.h:142,
                 from test.c:1:
sub2_priv.h:54:21: error: expected declaration specifiers or ‘...’ before ‘*’ token
   54 | typedef SUB2_STATE (*TEST_FSM_SUB2_ACTION_FN)(pTEST_FSM_SUB2);
      |                     ^
sub2_priv.h:103:14: error: unknown type name ‘TEST_FSM_SUB2_ACTION_FN’
  103 | extern const TEST_FSM_SUB2_ACTION_FN test_fsm_sub2_action_array[test_fsm_sub2_numEvents][test_fsm_sub2_numStates];
      |              ^~~~~~~~~~~~~~~~~~~~~~~
sub2_priv.h:111:9: error: expected specifier-qualifier-list before ‘TEST_FSM_SUB2_ACTION_FN’
  111 |         TEST_FSM_SUB2_ACTION_FN   const (*actionArray)[test_fsm_sub2_numEvents][test_fsm_sub2_numStates];
      |         ^~~~~~~~~~~~~~~~~~~~~~~
sub2_priv.h:118:1: error: unknown type name ‘SUB2_STATE’
  118 | SUB2_STATE test_fsm_sub2_do_nothing(pTEST_FSM_SUB2);
      | ^~~~~~~~~~
sub2_priv.h:119:1: error: unknown type name ‘SUB2_STATE’
  119 | SUB2_STATE test_fsm_sub2_noAction(pTEST_FSM_SUB2);
      | ^~~~~~~~~~
In file included from test_fsm_instance_macros.h:20,
                 from test_fsm.h:142,
                 from test.c:1:
sub_instance_macros.h:27:12: error: ‘TEST_FSM_SUB_SUB_SUB’ {aka ‘struct _test_fsm_sub_subSub_struct_’} has no member named ‘actionArray’
   27 |         , .actionArray = &test_fsm_sub_subSub_action_array\
      |            ^~~~~~~~~~~
test_fsm_instance_macros.h:25:1: note: in expansion of macro ‘TEST_FSM_SUB_SUB_SUB_INSTANCE’
   25 | TEST_FSM_SUB_SUB_SUB_INSTANCE(A, D_test_fsm_sub_subSub)\
      | ^~~~~~~~~~~~~~~~~~~~~~~~~~~~~
test_fsm.h:144:1: note: in expansion of macro ‘TEST_FSM_SUB_INSTANCE’
  144 | TEST_FSM_SUB_INSTANCE(A, D_test_fsm_sub, D_test_fsm_sub_subSub)\
      | ^~~~~~~~~~~~~~~~~~~~~
test.c:8:1: note: in expansion of macro ‘TEST_FSM_INSTANCE’
    8 | TEST_FSM_INSTANCE(test_fsm
      | ^~~~~~~~~~~~~~~~~
sub_instance_macros.h:27:26: warning: excess elements in struct initializer
   27 |         , .actionArray = &test_fsm_sub_subSub_action_array\
      |                          ^
test_fsm_instance_macros.h:25:1: note: in expansion of macro ‘TEST_FSM_SUB_SUB_SUB_INSTANCE’
   25 | TEST_FSM_SUB_SUB_SUB_INSTANCE(A, D_test_fsm_sub_subSub)\
      | ^~~~~~~~~~~~~~~~~~~~~~~~~~~~~
test_fsm.h:144:1: note: in expansion of macro ‘TEST_FSM_SUB_INSTANCE’
  144 | TEST_FSM_SUB_INSTANCE(A, D_test_fsm_sub, D_test_fsm_sub_subSub)\
      | ^~~~~~~~~~~~~~~~~~~~~
test.c:8:1: note: in expansion of macro ‘TEST_FSM_INSTANCE’
    8 | TEST_FSM_INSTANCE(test_fsm
      | ^~~~~~~~~~~~~~~~~
sub_instance_macros.h:27:26: note: (near initialization for ‘test_fsm_sub_subSub’)
   27 |         , .actionArray = &test_fsm_sub_subSub_action_array\
      |                          ^
test_fsm_instance_macros.h:25:1: note: in expansion of macro ‘TEST_FSM_SUB_SUB_SUB_INSTANCE’
   25 | TEST_FSM_SUB_SUB_SUB_INSTANCE(A, D_test_fsm_sub_subSub)\
      | ^~~~~~~~~~~~~~~~~~~~~~~~~~~~~
test_fsm.h:144:1: note: in expansion of macro ‘TEST_FSM_SUB_INSTANCE’
  144 | TEST_FSM_SUB_INSTANCE(A, D_test_fsm_sub, D_test_fsm_sub_subSub)\
      | ^~~~~~~~~~~~~~~~~~~~~
test.c:8:1: note: in expansion of macro ‘TEST_FSM_INSTANCE’
    8 | TEST_FSM_INSTANCE(test_fsm
      | ^~~~~~~~~~~~~~~~~
sub_instance_macros.h:28:12: error: ‘TEST_FSM_SUB_SUB_SUB’ {aka ‘struct _test_fsm_sub_subSub_struct_’} has no member named ‘fsm’
   28 |         , .fsm = test_fsm_sub_subSubFSM\
      |            ^~~
test_fsm_instance_macros.h:25:1: note: in expansion of macro ‘TEST_FSM_SUB_SUB_SUB_INSTANCE’
   25 | TEST_FSM_SUB_SUB_SUB_INSTANCE(A, D_test_fsm_sub_subSub)\
      | ^~~~~~~~~~~~~~~~~~~~~~~~~~~~~
test_fsm.h:144:1: note: in expansion of macro ‘TEST_FSM_SUB_INSTANCE’
  144 | TEST_FSM_SUB_INSTANCE(A, D_test_fsm_sub, D_test_fsm_sub_subSub)\
      | ^~~~~~~~~~~~~~~~~~~~~
test.c:8:1: note: in expansion of macro ‘TEST_FSM_INSTANCE’
    8 | TEST_FSM_INSTANCE(test_fsm
      | ^~~~~~~~~~~~~~~~~
sub_instance_macros.h:28:18: warning: excess elements in struct initializer
   28 |         , .fsm = test_fsm_sub_subSubFSM\
      |                  ^~~~~~~~~~~~~~~~~~~~~~~
   29 |         , .data = B\
      |                   
sub_instance_macros.h:28:18: note: in definition of macro ‘TEST_FSM_SUB_SUB_SUB_INSTANCE’
   28 |         , .fsm = test_fsm_sub_subSubFSM\
      |                  ^~~~~~~~~~~~~~~~~~~~~~~
   29 |         , .data = B\
      |                   
test_fsm.h:144:1: note: in expansion of macro ‘TEST_FSM_SUB_INSTANCE’
  144 | TEST_FSM_SUB_INSTANCE(A, D_test_fsm_sub, D_test_fsm_sub_subSub)\
      | ^~~~~~~~~~~~~~~~~~~~~
test.c:8:1: note: in expansion of macro ‘TEST_FSM_INSTANCE’
    8 | TEST_FSM_INSTANCE(test_fsm
      | ^~~~~~~~~~~~~~~~~
sub_instance_macros.h:28:18: note: (near initialization for ‘test_fsm_sub_subSub’)
   28 |         , .fsm = test_fsm_sub_subSubFSM\
      |                  ^~~~~~~~~~~~~~~~~~~~~~~
   29 |         , .data = B\
      |                   
sub_instance_macros.h:28:18: note: in definition of macro ‘TEST_FSM_SUB_SUB_SUB_INSTANCE’
   28 |         , .fsm = test_fsm_sub_subSubFSM\
      |                  ^~~~~~~~~~~~~~~~~~~~~~~
   29 |         , .data = B\
      |                   
test_fsm.h:144:1: note: in expansion of macro ‘TEST_FSM_SUB_INSTANCE’
  144 | TEST_FSM_SUB_INSTANCE(A, D_test_fsm_sub, D_test_fsm_sub_subSub)\
      | ^~~~~~~~~~~~~~~~~~~~~
test.c:8:1: note: in expansion of macro ‘TEST_FSM_INSTANCE’
    8 | TEST_FSM_INSTANCE(test_fsm
      | ^~~~~~~~~~~~~~~~~
In file included from test_fsm.h:142,
                 from test.c:1:
test_fsm_instance_macros.h:31:12: error: ‘TEST_FSM_SUB’ {aka ‘struct _test_fsm_sub_struct_’} has no member named ‘actionArray’
   31 |         , .actionArray = &test_fsm_sub_action_array\
      |            ^~~~~~~~~~~
test_fsm.h:144:1: note: in expansion of macro ‘TEST_FSM_SUB_INSTANCE’
  144 | TEST_FSM_SUB_INSTANCE(A, D_test_fsm_sub, D_test_fsm_sub_subSub)\
      | ^~~~~~~~~~~~~~~~~~~~~
test.c:8:1: note: in expansion of macro ‘TEST_FSM_INSTANCE’
    8 | TEST_FSM_INSTANCE(test_fsm
      | ^~~~~~~~~~~~~~~~~
test_fsm_instance_macros.h:31:26: warning: excess elements in struct initializer
   31 |         , .actionArray = &test_fsm_sub_action_array\
      |                          ^
test_fsm.h:144:1: note: in expansion of macro ‘TEST_FSM_SUB_INSTANCE’
  144 | TEST_FSM_SUB_INSTANCE(A, D_test_fsm_sub, D_test_fsm_sub_subSub)\
      | ^~~~~~~~~~~~~~~~~~~~~
test.c:8:1: note: in expansion of macro ‘TEST_FSM_INSTANCE’
    8 | TEST_FSM_INSTANCE(test_fsm
      | ^~~~~~~~~~~~~~~~~
test_fsm_instance_macros.h:31:26: note: (near initialization for ‘test_fsm_sub’)
   31 |         , .actionArray = &test_fsm_sub_action_array\
      |                          ^
test_fsm.h:144:1: note: in expansion of macro ‘TEST_FSM_SUB_INSTANCE’
  144 | TEST_FSM_SUB_INSTANCE(A, D_test_fsm_sub, D_test_fsm_sub_subSub)\
      | ^~~~~~~~~~~~~~~~~~~~~
test.c:8:1: note: in expansion of macro ‘TEST_FSM_INSTANCE’
    8 | TEST_FSM_INSTANCE(test_fsm
      | ^~~~~~~~~~~~~~~~~
test_fsm_instance_macros.h:32:12: error: ‘TEST_FSM_SUB’ {aka ‘struct _test_fsm_sub_struct_’} has no member named ‘fsm’
   32 |         , .fsm = test_fsm_subFSM\
      |            ^~~
test_fsm.h:144:1: note: in expansion of macro ‘TEST_FSM_SUB_INSTANCE’
  144 | TEST_FSM_SUB_INSTANCE(A, D_test_fsm_sub, D_test_fsm_sub_subSub)\
      | ^~~~~~~~~~~~~~~~~~~~~
test.c:8:1: note: in expansion of macro ‘TEST_FSM_INSTANCE’
    8 | TEST_FSM_INSTANCE(test_fsm
      | ^~~~~~~~~~~~~~~~~
test_fsm_instance_macros.h:32:18: warning: excess elements in struct initializer
   32 |         , .fsm = test_fsm_subFSM\
      |                  ^~~~~~~~~~~~~~~~
   33 |         , .subMachineArray = &sub_sub_fsm_if_array\
      |                   
test_fsm_instance_macros.h:32:18: note: in definition of macro ‘TEST_FSM_SUB_INSTANCE’
   32 |         , .fsm = test_fsm_subFSM\
      |                  ^~~~~~~~~~~~~~~~
   33 |         , .subMachineArray = &sub_sub_fsm_if_array\
      |                   
test.c:8:1: note: in expansion of macro ‘TEST_FSM_INSTANCE’
    8 | TEST_FSM_INSTANCE(test_fsm
      | ^~~~~~~~~~~~~~~~~
test_fsm_instance_macros.h:32:18: note: (near initialization for ‘test_fsm_sub’)
   32 |         , .fsm = test_fsm_subFSM\
      |                  ^~~~~~~~~~~~~~~~
   33 |         , .subMachineArray = &sub_sub_fsm_if_array\
      |                   
test_fsm_instance_macros.h:32:18: note: in definition of macro ‘TEST_FSM_SUB_INSTANCE’
   32 |         , .fsm = test_fsm_subFSM\
      |                  ^~~~~~~~~~~~~~~~
   33 |         , .subMachineArray = &sub_sub_fsm_if_array\
      |                   
test.c:8:1: note: in expansion of macro ‘TEST_FSM_INSTANCE’
    8 | TEST_FSM_INSTANCE(test_fsm
      | ^~~~~~~~~~~~~~~~~
test_fsm_instance_macros.h:33:12: error: ‘TEST_FSM_SUB’ {aka ‘struct _test_fsm_sub_struct_’} has no member named ‘subMachineArray’
   33 |         , .subMachineArray = &sub_sub_fsm_if_array\
      |            ^~~~~~~~~~~~~~~
test_fsm.h:144:1: note: in expansion of macro ‘TEST_FSM_SUB_INSTANCE’
  144 | TEST_FSM_SUB_INSTANCE(A, D_test_fsm_sub, D_test_fsm_sub_subSub)\
      | ^~~~~~~~~~~~~~~~~~~~~
test.c:8:1: note: in expansion of macro ‘TEST_FSM_INSTANCE’
    8 | TEST_FSM_INSTANCE(test_fsm
      | ^~~~~~~~~~~~~~~~~
test_fsm_instance_macros.h:33:30: warning: excess elements in struct initializer
   33 |         , .subMachineArray = &sub_sub_fsm_if_array\
      |                              ^
test_fsm.h:144:1: note: in expansion of macro ‘TEST_FSM_SUB_INSTANCE’
  144 | TEST_FSM_SUB_INSTANCE(A, D_test_fsm_sub, D_test_fsm_sub_subSub)\
      | ^~~~~~~~~~~~~~~~~~~~~
test.c:8:1: note: in expansion of macro ‘TEST_FSM_INSTANCE’
    8 | TEST_FSM_INSTANCE(test_fsm
      | ^~~~~~~~~~~~~~~~~
test_fsm_instance_macros.h:33:30: note: (near initialization for ‘test_fsm_sub’)
   33 |         , .subMachineArray = &sub_sub_fsm_if_array\
      |                              ^
test_fsm.h:144:1: note: in expansion of macro ‘TEST_FSM_SUB_INSTANCE’
  144 | TEST_FSM_SUB_INSTANCE(A, D_test_fsm_sub, D_test_fsm_sub_subSub)\
      | ^~~~~~~~~~~~~~~~~~~~~
test.c:8:1: note: in expansion of macro ‘TEST_FSM_INSTANCE’
    8 | TEST_FSM_INSTANCE(test_fsm
      | ^~~~~~~~~~~~~~~~~
test_fsm_instance_macros.h:34:12: error: ‘TEST_FSM_SUB’ {aka ‘struct _test_fsm_sub_struct_’} has no member named ‘subMachines’
   34 |         , .subMachines = &A##_sub_sma\
      |            ^~~~~~~~~~~
test_fsm.h:144:1: note: in expansion of macro ‘TEST_FSM_SUB_INSTANCE’
  144 | TEST_FSM_SUB_INSTANCE(A, D_test_fsm_sub, D_test_fsm_sub_subSub)\
      | ^~~~~~~~~~~~~~~~~~~~~
test.c:8:1: note: in expansion of macro ‘TEST_FSM_INSTANCE’
    8 | TEST_FSM_INSTANCE(test_fsm
      | ^~~~~~~~~~~~~~~~~
test_fsm_instance_macros.h:34:26: warning: excess elements in struct initializer
   34 |         , .subMachines = &A##_sub_sma\
      |                          ^
test_fsm.h:144:1: note: in expansion of macro ‘TEST_FSM_SUB_INSTANCE’
  144 | TEST_FSM_SUB_INSTANCE(A, D_test_fsm_sub, D_test_fsm_sub_subSub)\
      | ^~~~~~~~~~~~~~~~~~~~~
test.c:8:1: note: in expansion of macro ‘TEST_FSM_INSTANCE’
    8 | TEST_FSM_INSTANCE(test_fsm
      | ^~~~~~~~~~~~~~~~~
test_fsm_instance_macros.h:34:26: note: (near initialization for ‘test_fsm_sub’)
   34 |         , .subMachines = &A##_sub_sma\
      |                          ^
test_fsm.h:144:1: note: in expansion of macro ‘TEST_FSM_SUB_INSTANCE’
  144 | TEST_FSM_SUB_INSTANCE(A, D_test_fsm_sub, D_test_fsm_sub_subSub)\
      | ^~~~~~~~~~~~~~~~~~~~~
test.c:8:1: note: in expansion of macro ‘TEST_FSM_INSTANCE’
    8 | TEST_FSM_INSTANCE(test_fsm
      | ^~~~~~~~~~~~~~~~~
In file included from test_fsm_instance_macros.h:50,
                 from test_fsm.h:142,
                 from test.c:1:
sub2_instance_macros.h:27:12: error: ‘TEST_FSM_SUB2_SUB_SUB’ {aka ‘struct _test_fsm_sub2_subSub_struct_’} has no member named ‘actionArray’
   27 |         , .actionArray = &test_fsm_sub2_subSub_action_array\
      |            ^~~~~~~~~~~
test_fsm_instance_macros.h:55:1: note: in expansion of macro ‘TEST_FSM_SUB2_SUB_SUB_INSTANCE’
   55 | TEST_FSM_SUB2_SUB_SUB_INSTANCE(A, D_test_fsm_sub2_subSub)\
      | ^~~~~~~~~~~~~~~~~~~~~~~~~~~~~~
test_fsm.h:145:1: note: in expansion of macro ‘TEST_FSM_SUB2_INSTANCE’
  145 | TEST_FSM_SUB2_INSTANCE(A, D_test_fsm_sub2, D_test_fsm_sub2_subSub)\
      | ^~~~~~~~~~~~~~~~~~~~~~
test.c:8:1: note: in expansion of macro ‘TEST_FSM_INSTANCE’
    8 | TEST_FSM_INSTANCE(test_fsm
      | ^~~~~~~~~~~~~~~~~
sub2_instance_macros.h:27:26: warning: excess elements in struct initializer
   27 |         , .actionArray = &test_fsm_sub2_subSub_action_array\
      |                          ^
test_fsm_instance_macros.h:55:1: note: in expansion of macro ‘TEST_FSM_SUB2_SUB_SUB_INSTANCE’
   55 | TEST_FSM_SUB2_SUB_SUB_INSTANCE(A, D_test_fsm_sub2_subSub)\
      | ^~~~~~~~~~~~~~~~~~~~~~~~~~~~~~
test_fsm.h:145:1: note: in expansion of macro ‘TEST_FSM_SUB2_INSTANCE’
  145 | TEST_FSM_SUB2_INSTANCE(A, D_test_fsm_sub2, D_test_fsm_sub2_subSub)\
      | ^~~~~~~~~~~~~~~~~~~~~~
test.c:8:1: note: in expansion of macro ‘TEST_FSM_INSTANCE’
    8 | TEST_FSM_INSTANCE(test_fsm
      | ^~~~~~~~~~~~~~~~~
sub2_instance_macros.h:27:26: note: (near initialization for ‘test_fsm_sub2_subSub’)
   27 |         , .actionArray = &test_fsm_sub2_subSub_action_array\
      |                          ^
test_fsm_instance_macros.h:55:1: note: in expansion of macro ‘TEST_FSM_SUB2_SUB_SUB_INSTANCE’
   55 | TEST_FSM_SUB2_SUB_SUB_INSTANCE(A, D_test_fsm_sub2_subSub)\
      | ^~~~~~~~~~~~~~~~~~~~~~~~~~~~~~
test_fsm.h:145:1: note: in expansion of macro ‘TEST_FSM_SUB2_INSTANCE’
  145 | TEST_FSM_SUB2_INSTANCE(A, D_test_fsm_sub2, D_test_fsm_sub2_subSub)\
      | ^~~~~~~~~~~~~~~~~~~~~~
test.c:8:1: note: in expansion of macro ‘TEST_FSM_INSTANCE’
    8 | TEST_FSM_INSTANCE(test_fsm
      | ^~~~~~~~~~~~~~~~~
sub2_instance_macros.h:28:12: error: ‘TEST_FSM_SUB2_SUB_SUB’ {aka ‘struct _test_fsm_sub2_subSub_struct_’} has no member named ‘fsm’
   28 |         , .fsm = test_fsm_sub2_subSubFSM\
      |            ^~~
test_fsm_instance_macros.h:55:1: note: in expansion of macro ‘TEST_FSM_SUB2_SUB_SUB_INSTANCE’
   55 | TEST_FSM_SUB2_SUB_SUB_INSTANCE(A, D_test_fsm_sub2_subSub)\
      | ^~~~~~~~~~~~~~~~~~~~~~~~~~~~~~
test_fsm.h:145:1: note: in expansion of macro ‘TEST_FSM_SUB2_INSTANCE’
  145 | TEST_FSM_SUB2_INSTANCE(A, D_test_fsm_sub2, D_test_fsm_sub2_subSub)\
      | ^~~~~~~~~~~~~~~~~~~~~~
test.c:8:1: note: in expansion of macro ‘TEST_FSM_INSTANCE’
    8 | TEST_FSM_INSTANCE(test_fsm
      | ^~~~~~~~~~~~~~~~~
sub2_instance_macros.h:28:18: warning: excess elements in struct initializer
   28 |         , .fsm = test_fsm_sub2_subSubFSM\
      |                  ^~~~~~~~~~~~~~~~~~~~~~~~
   29 |         , .data = B\
      |                   
sub2_instance_macros.h:28:18: note: in definition of macro ‘TEST_FSM_SUB2_SUB_SUB_INSTANCE’
   28 |         , .fsm = test_fsm_sub2_subSubFSM\
      |                  ^~~~~~~~~~~~~~~~~~~~~~~~
   29 |         , .data = B\
      |                   
test_fsm.h:145:1: note: in expansion of macro ‘TEST_FSM_SUB2_INSTANCE’
  145 | TEST_FSM_SUB2_INSTANCE(A, D_test_fsm_sub2, D_test_fsm_sub2_subSub)\
      | ^~~~~~~~~~~~~~~~~~~~~~
test.c:8:1: note: in expansion of macro ‘TEST_FSM_INSTANCE’
    8 | TEST_FSM_INSTANCE(test_fsm
      | ^~~~~~~~~~~~~~~~~
sub2_instance_macros.h:28:18: note: (near initialization for ‘test_fsm_sub2_subSub’)
   28 |         , .fsm = test_fsm_sub2_subSubFSM\
      |                  ^~~~~~~~~~~~~~~~~~~~~~~~
   29 |         , .data = B\
      |                   
sub2_instance_macros.h:28:18: note: in definition of macro ‘TEST_FSM_SUB2_SUB_SUB_INSTANCE’
   28 |         , .fsm = test_fsm_sub2_subSubFSM\
      |                  ^~~~~~~~~~~~~~~~~~~~~~~~
   29 |         , .data = B\
      |                   
test_fsm.h:145:1: note: in expansion of macro ‘TEST_FSM_SUB2_INSTANCE’
  145 | TEST_FSM_SUB2_INSTANCE(A, D_test_fsm_sub2, D_test_fsm_sub2_subSub)\
      | ^~~~~~~~~~~~~~~~~~~~~~
test.c:8:1: note: in expansion of macro ‘TEST_FSM_INSTANCE’
    8 | TEST_FSM_INSTANCE(test_fsm
      | ^~~~~~~~~~~~~~~~~
In file included from test_fsm.h:142,
                 from test.c:1:
test_fsm_instance_macros.h:61:12: error: ‘TEST_FSM_SUB2’ {aka ‘struct _test_fsm_sub2_struct_’} has no member named ‘actionArray’
   61 |         , .actionArray = &test_fsm_sub2_action_array\
      |            ^~~~~~~~~~~
test_fsm.h:145:1: note: in expansion of macro ‘TEST_FSM_SUB2_INSTANCE’
  145 | TEST_FSM_SUB2_INSTANCE(A, D_test_fsm_sub2, D_test_fsm_sub2_subSub)\
      | ^~~~~~~~~~~~~~~~~~~~~~
test.c:8:1: note: in expansion of macro ‘TEST_FSM_INSTANCE’
    8 | TEST_FSM_INSTANCE(test_fsm
      | ^~~~~~~~~~~~~~~~~
test_fsm_instance_macros.h:61:26: warning: excess elements in struct initializer
   61 |         , .actionArray = &test_fsm_sub2_action_array\
      |                          ^
test_fsm.h:145:1: note: in expansion of macro ‘TEST_FSM_SUB2_INSTANCE’
  145 | TEST_FSM_SUB2_INSTANCE(A, D_test_fsm_sub2, D_test_fsm_sub2_subSub)\
      | ^~~~~~~~~~~~~~~~~~~~~~
test.c:8:1: note: in expansion of macro ‘TEST_FSM_INSTANCE’
    8 | TEST_FSM_INSTANCE(test_fsm
      | ^~~~~~~~~~~~~~~~~
test_fsm_instance_macros.h:61:26: note: (near initialization for ‘test_fsm_sub2’)
   61 |         , .actionArray = &test_fsm_sub2_action_array\
      |                          ^
test_fsm.h:145:1: note: in expansion of macro ‘TEST_FSM_SUB2_INSTANCE’
  145 | TEST_FSM_SUB2_INSTANCE(A, D_test_fsm_sub2, D_test_fsm_sub2_subSub)\
      | ^~~~~~~~~~~~~~~~~~~~~~
test.c:8:1: note: in expansion of macro ‘TEST_FSM_INSTANCE’
    8 | TEST_FSM_INSTANCE(test_fsm
      | ^~~~~~~~~~~~~~~~~
test_fsm_instance_macros.h:62:12: error: ‘TEST_FSM_SUB2’ {aka ‘struct _test_fsm_sub2_struct_’} has no member named ‘fsm’
   62 |         , .fsm = test_fsm_sub2FSM\
      |            ^~~
test_fsm.h:145:1: note: in expansion of macro ‘TEST_FSM_SUB2_INSTANCE’
  145 | TEST_FSM_SUB2_INSTANCE(A, D_test_fsm_sub2, D_test_fsm_sub2_subSub)\
      | ^~~~~~~~~~~~~~~~~~~~~~
test.c:8:1: note: in expansion of macro ‘TEST_FSM_INSTANCE’
    8 | TEST_FSM_INSTANCE(test_fsm
      | ^~~~~~~~~~~~~~~~~
test_fsm_instance_macros.h:62:18: warning: excess elements in struct initializer
   62 |         , .fsm = test_fsm_sub2FSM\
      |                  ^~~~~~~~~~~~~~~~~
   63 |         , .subMachineArray = &sub2_sub_fsm_if_array\
      |                   
test_fsm_instance_macros.h:62:18: note: in definition of macro ‘TEST_FSM_SUB2_INSTANCE’
   62 |         , .fsm = test_fsm_sub2FSM\
      |                  ^~~~~~~~~~~~~~~~~
   63 |         , .subMachineArray = &sub2_sub_fsm_if_array\
      |                   
test.c:8:1: note: in expansion of macro ‘TEST_FSM_INSTANCE’
    8 | TEST_FSM_INSTANCE(test_fsm
      | ^~~~~~~~~~~~~~~~~
test_fsm_instance_macros.h:62:18: note: (near initialization for ‘test_fsm_sub2’)
   62 |         , .fsm = test_fsm_sub2FSM\
      |                  ^~~~~~~~~~~~~~~~~
   63 |         , .subMachineArray = &sub2_sub_fsm_if_array\
      |                   
test_fsm_instance_macros.h:62:18: note: in definition of macro ‘TEST_FSM_SUB2_INSTANCE’
   62 |         , .fsm = test_fsm_sub2FSM\
      |                  ^~~~~~~~~~~~~~~~~
   63 |         , .subMachineArray = &sub2_sub_fsm_if_array\
      |                   
test.c:8:1: note: in expansion of macro ‘TEST_FSM_INSTANCE’
    8 | TEST_FSM_INSTANCE(test_fsm
      | ^~~~~~~~~~~~~~~~~
test_fsm_instance_macros.h:63:12: error: ‘TEST_FSM_SUB2’ {aka ‘struct _test_fsm_sub2_struct_’} has no member named ‘subMachineArray’
   63 |         , .subMachineArray = &sub2_sub_fsm_if_array\
      |            ^~~~~~~~~~~~~~~
test_fsm.h:145:1: note: in expansion of macro ‘TEST_FSM_SUB2_INSTANCE’
  145 | TEST_FSM_SUB2_INSTANCE(A, D_test_fsm_sub2, D_test_fsm_sub2_subSub)\
      | ^~~~~~~~~~~~~~~~~~~~~~
test.c:8:1: note: in expansion of macro ‘TEST_FSM_INSTANCE’
    8 | TEST_FSM_INSTANCE(test_fsm
      | ^~~~~~~~~~~~~~~~~
test_fsm_instance_macros.h:63:30: warning: excess elements in struct initializer
   63 |         , .subMachineArray = &sub2_sub_fsm_if_array\
      |                              ^
test_fsm.h:145:1: note: in expansion of macro ‘TEST_FSM_SUB2_INSTANCE’
  145 | TEST_FSM_SUB2_INSTANCE(A, D_test_fsm_sub2, D_test_fsm_sub2_subSub)\
      | ^~~~~~~~~~~~~~~~~~~~~~
test.c:8:1: note: in expansion of macro ‘TEST_FSM_INSTANCE’
    8 | TEST_FSM_INSTANCE(test_fsm
      | ^~~~~~~~~~~~~~~~~
test_fsm_instance_macros.h:63:30: note: (near initialization for ‘test_fsm_sub2’)
   63 |         , .subMachineArray = &sub2_sub_fsm_if_array\
      |                              ^
test_fsm.h:145:1: note: in expansion of macro ‘TEST_FSM_SUB2_INSTANCE’
  145 | TEST_FSM_SUB2_INSTANCE(A, D_test_fsm_sub2, D_test_fsm_sub2_subSub)\
      | ^~~~~~~~~~~~~~~~~~~~~~
test.c:8:1: note: in expansion of macro ‘TEST_FSM_INSTANCE’
    8 | TEST_FSM_INSTANCE(test_fsm
      | ^~~~~~~~~~~~~~~~~
test_fsm_instance_macros.h:64:12: error: ‘TEST_FSM_SUB2’ {aka ‘struct _test_fsm_sub2_struct_’} has no member named ‘subMachines’
   64 |         , .subMachines = &A##_sub2_sma\
      |            ^~~~~~~~~~~
test_fsm.h:145:1: note: in expansion of macro ‘TEST_FSM_SUB2_INSTANCE’
  145 | TEST_FSM_SUB2_INSTANCE(A, D_test_fsm_sub2, D_test_fsm_sub2_subSub)\
      | ^~~~~~~~~~~~~~~~~~~~~~
test.c:8:1: note: in expansion of macro ‘TEST_FSM_INSTANCE’
    8 | TEST_FSM_INSTANCE(test_fsm
      | ^~~~~~~~~~~~~~~~~
test_fsm_instance_macros.h:64:26: warning: excess elements in struct initializer
   64 |         , .subMachines = &A##_sub2_sma\
      |                          ^
test_fsm.h:145:1: note: in expansion of macro ‘TEST_FSM_SUB2_INSTANCE’
  145 | TEST_FSM_SUB2_INSTANCE(A, D_test_fsm_sub2, D_test_fsm_sub2_subSub)\
      | ^~~~~~~~~~~~~~~~~~~~~~
test.c:8:1: note: in expansion of macro ‘TEST_FSM_INSTANCE’
    8 | TEST_FSM_INSTANCE(test_fsm
      | ^~~~~~~~~~~~~~~~~
test_fsm_instance_macros.h:64:26: note: (near initialization for ‘test_fsm_sub2’)
   64 |         , .subMachines = &A##_sub2_sma\
      |                          ^
test_fsm.h:145:1: note: in expansion of macro ‘TEST_FSM_SUB2_INSTANCE’
  145 | TEST_FSM_SUB2_INSTANCE(A, D_test_fsm_sub2, D_test_fsm_sub2_subSub)\
      | ^~~~~~~~~~~~~~~~~~~~~~
test.c:8:1: note: in expansion of macro ‘TEST_FSM_INSTANCE’
    8 | TEST_FSM_INSTANCE(test_fsm
      | ^~~~~~~~~~~~~~~~~
In file included from test_fsm_instance_macros.h:20,
                 from test_fsm.h:142,
                 from test.c:1:
sub_instance_macros.h:27:12: error: ‘TEST_FSM_SUB_SUB_SUB’ {aka ‘struct _test_fsm_sub_subSub_struct_’} has no member named ‘actionArray’
   27 |         , .actionArray = &test_fsm_sub_subSub_action_array\
      |            ^~~~~~~~~~~
test_fsm_instance_macros.h:25:1: note: in expansion of macro ‘TEST_FSM_SUB_SUB_SUB_INSTANCE’
   25 | TEST_FSM_SUB_SUB_SUB_INSTANCE(A, D_test_fsm_sub_subSub)\
      | ^~~~~~~~~~~~~~~~~~~~~~~~~~~~~
test_fsm.h:144:1: note: in expansion of macro ‘TEST_FSM_SUB_INSTANCE’
  144 | TEST_FSM_SUB_INSTANCE(A, D_test_fsm_sub, D_test_fsm_sub_subSub)\
      | ^~~~~~~~~~~~~~~~~~~~~
test.c:20:1: note: in expansion of macro ‘TEST_FSM_INSTANCE’
   20 | TEST_FSM_INSTANCE(test_fsm1
      | ^~~~~~~~~~~~~~~~~
sub_instance_macros.h:27:26: warning: excess elements in struct initializer
   27 |         , .actionArray = &test_fsm_sub_subSub_action_array\
      |                          ^
test_fsm_instance_macros.h:25:1: note: in expansion of macro ‘TEST_FSM_SUB_SUB_SUB_INSTANCE’
   25 | TEST_FSM_SUB_SUB_SUB_INSTANCE(A, D_test_fsm_sub_subSub)\
      | ^~~~~~~~~~~~~~~~~~~~~~~~~~~~~
test_fsm.h:144:1: note: in expansion of macro ‘TEST_FSM_SUB_INSTANCE’
  144 | TEST_FSM_SUB_INSTANCE(A, D_test_fsm_sub, D_test_fsm_sub_subSub)\
      | ^~~~~~~~~~~~~~~~~~~~~
test.c:20:1: note: in expansion of macro ‘TEST_FSM_INSTANCE’
   20 | TEST_FSM_INSTANCE(test_fsm1
      | ^~~~~~~~~~~~~~~~~
sub_instance_macros.h:27:26: note: (near initialization for ‘test_fsm1_sub_subSub’)
   27 |         , .actionArray = &test_fsm_sub_subSub_action_array\
      |                          ^
test_fsm_instance_macros.h:25:1: note: in expansion of macro ‘TEST_FSM_SUB_SUB_SUB_INSTANCE’
   25 | TEST_FSM_SUB_SUB_SUB_INSTANCE(A, D_test_fsm_sub_subSub)\
      | ^~~~~~~~~~~~~~~~~~~~~~~~~~~~~
test_fsm.h:144:1: note: in expansion of macro ‘TEST_FSM_SUB_INSTANCE’
  144 | TEST_FSM_SUB_INSTANCE(A, D_test_fsm_sub, D_test_fsm_sub_subSub)\
      | ^~~~~~~~~~~~~~~~~~~~~
test.c:20:1: note: in expansion of macro ‘TEST_FSM_INSTANCE’
   20 | TEST_FSM_INSTANCE(test_fsm1
      | ^~~~~~~~~~~~~~~~~
sub_instance_macros.h:28:12: error: ‘TEST_FSM_SUB_SUB_SUB’ {aka ‘struct _test_fsm_sub_subSub_struct_’} has no member named ‘fsm’
   28 |         , .fsm = test_fsm_sub_subSubFSM\
      |            ^~~
test_fsm_instance_macros.h:25:1: note: in expansion of macro ‘TEST_FSM_SUB_SUB_SUB_INSTANCE’
   25 | TEST_FSM_SUB_SUB_SUB_INSTANCE(A, D_test_fsm_sub_subSub)\
      | ^~~~~~~~~~~~~~~~~~~~~~~~~~~~~
test_fsm.h:144:1: note: in expansion of macro ‘TEST_FSM_SUB_INSTANCE’
  144 | TEST_FSM_SUB_INSTANCE(A, D_test_fsm_sub, D_test_fsm_sub_subSub)\
      | ^~~~~~~~~~~~~~~~~~~~~
test.c:20:1: note: in expansion of macro ‘TEST_FSM_INSTANCE’
   20 | TEST_FSM_INSTANCE(test_fsm1
      | ^~~~~~~~~~~~~~~~~
sub_instance_macros.h:28:18: warning: excess elements in struct initializer
   28 |         , .fsm = test_fsm_sub_subSubFSM\
      |                  ^~~~~~~~~~~~~~~~~~~~~~~
   29 |         , .data = B\
      |                   
sub_instance_macros.h:28:18: note: in definition of macro ‘TEST_FSM_SUB_SUB_SUB_INSTANCE’
   28 |         , .fsm = test_fsm_sub_subSubFSM\
      |                  ^~~~~~~~~~~~~~~~~~~~~~~
   29 |         , .data = B\
      |                   
test_fsm.h:144:1: note: in expansion of macro ‘TEST_FSM_SUB_INSTANCE’
  144 | TEST_FSM_SUB_INSTANCE(A, D_test_fsm_sub, D_test_fsm_sub_subSub)\
      | ^~~~~~~~~~~~~~~~~~~~~
test.c:20:1: note: in expansion of macro ‘TEST_FSM_INSTANCE’
   20 | TEST_FSM_INSTANCE(test_fsm1
      | ^~~~~~~~~~~~~~~~~
sub_instance_macros.h:28:18: note: (near initialization for ‘test_fsm1_sub_subSub’)
   28 |         , .fsm = test_fsm_sub_subSubFSM\
      |                  ^~~~~~~~~~~~~~~~~~~~~~~
   29 |         , .data = B\
      |                   
sub_instance_macros.h:28:18: note: in definition of macro ‘TEST_FSM_SUB_SUB_SUB_INSTANCE’
   28 |         , .fsm = test_fsm_sub_subSubFSM\
      |                  ^~~~~~~~~~~~~~~~~~~~~~~
   29 |         , .data = B\
      |                   
test_fsm.h:144:1: note: in expansion of macro ‘TEST_FSM_SUB_INSTANCE’
  144 | TEST_FSM_SUB_INSTANCE(A, D_test_fsm_sub, D_test_fsm_sub_subSub)\
      | ^~~~~~~~~~~~~~~~~~~~~
test.c:20:1: note: in expansion of macro ‘TEST_FSM_INSTANCE’
   20 | TEST_FSM_INSTANCE(test_fsm1
      | ^~~~~~~~~~~~~~~~~
In file included from test_fsm.h:142,
                 from test.c:1:
test_fsm_instance_macros.h:31:12: error: ‘TEST_FSM_SUB’ {aka ‘struct _test_fsm_sub_struct_’} has no member named ‘actionArray’
   31 |         , .actionArray = &test_fsm_sub_action_array\
      |            ^~~~~~~~~~~
test_fsm.h:144:1: note: in expansion of macro ‘TEST_FSM_SUB_INSTANCE’
  144 | TEST_FSM_SUB_INSTANCE(A, D_test_fsm_sub, D_test_fsm_sub_subSub)\
      | ^~~~~~~~~~~~~~~~~~~~~
test.c:20:1: note: in expansion of macro ‘TEST_FSM_INSTANCE’
   20 | TEST_FSM_INSTANCE(test_fsm1
      | ^~~~~~~~~~~~~~~~~
test_fsm_instance_macros.h:31:26: warning: excess elements in struct initializer
   31 |         , .actionArray = &test_fsm_sub_action_array\
      |                          ^
test_fsm.h:144:1: note: in expansion of macro ‘TEST_FSM_SUB_INSTANCE’
  144 | TEST_FSM_SUB_INSTANCE(A, D_test_fsm_sub, D_test_fsm_sub_subSub)\
      | ^~~~~~~~~~~~~~~~~~~~~
test.c:20:1: note: in expansion of macro ‘TEST_FSM_INSTANCE’
   20 | TEST_FSM_INSTANCE(test_fsm1
      | ^~~~~~~~~~~~~~~~~
test_fsm_instance_macros.h:31:26: note: (near initialization for ‘test_fsm1_sub’)
   31 |         , .actionArray = &test_fsm_sub_action_array\
      |                          ^
test_fsm.h:144:1: note: in expansion of macro ‘TEST_FSM_SUB_INSTANCE’
  144 | TEST_FSM_SUB_INSTANCE(A, D_test_fsm_sub, D_test_fsm_sub_subSub)\
      | ^~~~~~~~~~~~~~~~~~~~~
test.c:20:1: note: in expansion of macro ‘TEST_FSM_INSTANCE’
   20 | TEST_FSM_INSTANCE(test_fsm1
      | ^~~~~~~~~~~~~~~~~
test_fsm_instance_macros.h:32:12: error: ‘TEST_FSM_SUB’ {aka ‘struct _test_fsm_sub_struct_’} has no member named ‘fsm’
   32 |         , .fsm = test_fsm_subFSM\
      |            ^~~
test_fsm.h:144:1: note: in expansion of macro ‘TEST_FSM_SUB_INSTANCE’
  144 | TEST_FSM_SUB_INSTANCE(A, D_test_fsm_sub, D_test_fsm_sub_subSub)\
      | ^~~~~~~~~~~~~~~~~~~~~
test.c:20:1: note: in expansion of macro ‘TEST_FSM_INSTANCE’
   20 | TEST_FSM_INSTANCE(test_fsm1
      | ^~~~~~~~~~~~~~~~~
test_fsm_instance_macros.h:32:18: warning: excess elements in struct initializer
   32 |         , .fsm = test_fsm_subFSM\
      |                  ^~~~~~~~~~~~~~~~
   33 |         , .subMachineArray = &sub_sub_fsm_if_array\
      |                   
test_fsm_instance_macros.h:32:18: note: in definition of macro ‘TEST_FSM_SUB_INSTANCE’
   32 |         , .fsm = test_fsm_subFSM\
      |                  ^~~~~~~~~~~~~~~~
   33 |         , .subMachineArray = &sub_sub_fsm_if_array\
      |                   
test.c:20:1: note: in expansion of macro ‘TEST_FSM_INSTANCE’
   20 | TEST_FSM_INSTANCE(test_fsm1
      | ^~~~~~~~~~~~~~~~~
test_fsm_instance_macros.h:32:18: note: (near initialization for ‘test_fsm1_sub’)
   32 |         , .fsm = test_fsm_subFSM\
      |                  ^~~~~~~~~~~~~~~~
   33 |         , .subMachineArray = &sub_sub_fsm_if_array\
      |                   
test_fsm_instance_macros.h:32:18: note: in definition of macro ‘TEST_FSM_SUB_INSTANCE’
   32 |         , .fsm = test_fsm_subFSM\
      |                  ^~~~~~~~~~~~~~~~
   33 |         , .subMachineArray = &sub_sub_fsm_if_array\
      |                   
test.c:20:1: note: in expansion of macro ‘TEST_FSM_INSTANCE’
   20 | TEST_FSM_INSTANCE(test_fsm1
      | ^~~~~~~~~~~~~~~~~
test_fsm_instance_macros.h:33:12: error: ‘TEST_FSM_SUB’ {aka ‘struct _test_fsm_sub_struct_’} has no member named ‘subMachineArray’
   33 |         , .subMachineArray = &sub_sub_fsm_if_array\
      |            ^~~~~~~~~~~~~~~
test_fsm.h:144:1: note: in expansion of macro ‘TEST_FSM_SUB_INSTANCE’
  144 | TEST_FSM_SUB_INSTANCE(A, D_test_fsm_sub, D_test_fsm_sub_subSub)\
      | ^~~~~~~~~~~~~~~~~~~~~
test.c:20:1: note: in expansion of macro ‘TEST_FSM_INSTANCE’
   20 | TEST_FSM_INSTANCE(test_fsm1
      | ^~~~~~~~~~~~~~~~~
test_fsm_instance_macros.h:33:30: warning: excess elements in struct initializer
   33 |         , .subMachineArray = &sub_sub_fsm_if_array\
      |                              ^
test_fsm.h:144:1: note: in expansion of macro ‘TEST_FSM_SUB_INSTANCE’
  144 | TEST_FSM_SUB_INSTANCE(A, D_test_fsm_sub, D_test_fsm_sub_subSub)\
      | ^~~~~~~~~~~~~~~~~~~~~
test.c:20:1: note: in expansion of macro ‘TEST_FSM_INSTANCE’
   20 | TEST_FSM_INSTANCE(test_fsm1
      | ^~~~~~~~~~~~~~~~~
test_fsm_instance_macros.h:33:30: note: (near initialization for ‘test_fsm1_sub’)
   33 |         , .subMachineArray = &sub_sub_fsm_if_array\
      |                              ^
test_fsm.h:144:1: note: in expansion of macro ‘TEST_FSM_SUB_INSTANCE’
  144 | TEST_FSM_SUB_INSTANCE(A, D_test_fsm_sub, D_test_fsm_sub_subSub)\
      | ^~~~~~~~~~~~~~~~~~~~~
test.c:20:1: note: in expansion of macro ‘TEST_FSM_INSTANCE’
   20 | TEST_FSM_INSTANCE(test_fsm1
      | ^~~~~~~~~~~~~~~~~
test_fsm_instance_macros.h:34:12: error: ‘TEST_FSM_SUB’ {aka ‘struct _test_fsm_sub_struct_’} has no member named ‘subMachines’
   34 |         , .subMachines = &A##_sub_sma\
      |            ^~~~~~~~~~~
test_fsm.h:144:1: note: in expansion of macro ‘TEST_FSM_SUB_INSTANCE’
  144 | TEST_FSM_SUB_INSTANCE(A, D_test_fsm_sub, D_test_fsm_sub_subSub)\
      | ^~~~~~~~~~~~~~~~~~~~~
test.c:20:1: note: in expansion of macro ‘TEST_FSM_INSTANCE’
   20 | TEST_FSM_INSTANCE(test_fsm1
      | ^~~~~~~~~~~~~~~~~
test_fsm_instance_macros.h:34:26: warning: excess elements in struct initializer
   34 |         , .subMachines = &A##_sub_sma\
      |                          ^
test_fsm.h:144:1: note: in expansion of macro ‘TEST_FSM_SUB_INSTANCE’
  144 | TEST_FSM_SUB_INSTANCE(A, D_test_fsm_sub, D_test_fsm_sub_subSub)\
      | ^~~~~~~~~~~~~~~~~~~~~
test.c:20:1: note: in expansion of macro ‘TEST_FSM_INSTANCE’
   20 | TEST_FSM_INSTANCE(test_fsm1
      | ^~~~~~~~~~~~~~~~~
test_fsm_instance_macros.h:34:26: note: (near initialization for ‘test_fsm1_sub’)
   34 |         , .subMachines = &A##_sub_sma\
      |                          ^
test_fsm.h:144:1: note: in expansion of macro ‘TEST_FSM_SUB_INSTANCE’
  144 | TEST_FSM_SUB_INSTANCE(A, D_test_fsm_sub, D_test_fsm_sub_subSub)\
      | ^~~~~~~~~~~~~~~~~~~~~
test.c:20:1: note: in expansion of macro ‘TEST_FSM_INSTANCE’
   20 | TEST_FSM_INSTANCE(test_fsm1
      | ^~~~~~~~~~~~~~~~~
In file included from test_fsm_instance_macros.h:50,
                 from test_fsm.h:142,
                 from test.c:1:
sub2_instance_macros.h:27:12: error: ‘TEST_FSM_SUB2_SUB_SUB’ {aka ‘struct _test_fsm_sub2_subSub_struct_’} has no member named ‘actionArray’
   27 |         , .actionArray = &test_fsm_sub2_subSub_action_array\
      |            ^~~~~~~~~~~
test_fsm_instance_macros.h:55:1: note: in expansion of macro ‘TEST_FSM_SUB2_SUB_SUB_INSTANCE’
   55 | TEST_FSM_SUB2_SUB_SUB_INSTANCE(A, D_test_fsm_sub2_subSub)\
      | ^~~~~~~~~~~~~~~~~~~~~~~~~~~~~~
test_fsm.h:145:1: note: in expansion of macro ‘TEST_FSM_SUB2_INSTANCE’
  145 | TEST_FSM_SUB2_INSTANCE(A, D_test_fsm_sub2, D_test_fsm_sub2_subSub)\
      | ^~~~~~~~~~~~~~~~~~~~~~
test.c:20:1: note: in expansion of macro ‘TEST_FSM_INSTANCE’
   20 | TEST_FSM_INSTANCE(test_fsm1
      | ^~~~~~~~~~~~~~~~~
sub2_instance_macros.h:27:26: warning: excess elements in struct initializer
   27 |         , .actionArray = &test_fsm_sub2_subSub_action_array\
      |                          ^
test_fsm_instance_macros.h:55:1: note: in expansion of macro ‘TEST_FSM_SUB2_SUB_SUB_INSTANCE’
   55 | TEST_FSM_SUB2_SUB_SUB_INSTANCE(A, D_test_fsm_sub2_subSub)\
      | ^~~~~~~~~~~~~~~~~~~~~~~~~~~~~~
test_fsm.h:145:1: note: in expansion of macro ‘TEST_FSM_SUB2_INSTANCE’
  145 | TEST_FSM_SUB2_INSTANCE(A, D_test_fsm_sub2, D_test_fsm_sub2_subSub)\
      | ^~~~~~~~~~~~~~~~~~~~~~
test.c:20:1: note: in expansion of macro ‘TEST_FSM_INSTANCE’
   20 | TEST_FSM_INSTANCE(test_fsm1
      | ^~~~~~~~~~~~~~~~~
sub2_instance_macros.h:27:26: note: (near initialization for ‘test_fsm1_sub2_subSub’)
   27 |         , .actionArray = &test_fsm_sub2_subSub_action_array\
      |                          ^
test_fsm_instance_macros.h:55:1: note: in expansion of macro ‘TEST_FSM_SUB2_SUB_SUB_INSTANCE’
   55 | TEST_FSM_SUB2_SUB_SUB_INSTANCE(A, D_test_fsm_sub2_subSub)\
      | ^~~~~~~~~~~~~~~~~~~~~~~~~~~~~~
test_fsm.h:145:1: note: in expansion of macro ‘TEST_FSM_SUB2_INSTANCE’
  145 | TEST_FSM_SUB2_INSTANCE(A, D_test_fsm_sub2, D_test_fsm_sub2_subSub)\
      | ^~~~~~~~~~~~~~~~~~~~~~
test.c:20:1: note: in expansion of macro ‘TEST_FSM_INSTANCE’
   20 | TEST_FSM_INSTANCE(test_fsm1
      | ^~~~~~~~~~~~~~~~~
sub2_instance_macros.h:28:12: error: ‘TEST_FSM_SUB2_SUB_SUB’ {aka ‘struct _test_fsm_sub2_subSub_struct_’} has no member named ‘fsm’
   28 |         , .fsm = test_fsm_sub2_subSubFSM\
      |            ^~~
test_fsm_instance_macros.h:55:1: note: in expansion of macro ‘TEST_FSM_SUB2_SUB_SUB_INSTANCE’
   55 | TEST_FSM_SUB2_SUB_SUB_INSTANCE(A, D_test_fsm_sub2_subSub)\
      | ^~~~~~~~~~~~~~~~~~~~~~~~~~~~~~
test_fsm.h:145:1: note: in expansion of macro ‘TEST_FSM_SUB2_INSTANCE’
  145 | TEST_FSM_SUB2_INSTANCE(A, D_test_fsm_sub2, D_test_fsm_sub2_subSub)\
      | ^~~~~~~~~~~~~~~~~~~~~~
test.c:20:1: note: in expansion of macro ‘TEST_FSM_INSTANCE’
   20 | TEST_FSM_INSTANCE(test_fsm1
      | ^~~~~~~~~~~~~~~~~
sub2_instance_macros.h:28:18: warning: excess elements in struct initializer
   28 |         , .fsm = test_fsm_sub2_subSubFSM\
      |                  ^~~~~~~~~~~~~~~~~~~~~~~~
   29 |         , .data = B\
      |                   
sub2_instance_macros.h:28:18: note: in definition of macro ‘TEST_FSM_SUB2_SUB_SUB_INSTANCE’
   28 |         , .fsm = test_fsm_sub2_subSubFSM\
      |                  ^~~~~~~~~~~~~~~~~~~~~~~~
   29 |         , .data = B\
      |                   
test_fsm.h:145:1: note: in expansion of macro ‘TEST_FSM_SUB2_INSTANCE’
  145 | TEST_FSM_SUB2_INSTANCE(A, D_test_fsm_sub2, D_test_fsm_sub2_subSub)\
      | ^~~~~~~~~~~~~~~~~~~~~~
test.c:20:1: note: in expansion of macro ‘TEST_FSM_INSTANCE’
   20 | TEST_FSM_INSTANCE(test_fsm1
      | ^~~~~~~~~~~~~~~~~
sub2_instance_macros.h:28:18: note: (near initialization for ‘test_fsm1_sub2_subSub’)
   28 |         , .fsm = test_fsm_sub2_subSubFSM\
      |                  ^~~~~~~~~~~~~~~~~~~~~~~~
   29 |         , .data = B\
      |                   
sub2_instance_macros.h:28:18: note: in definition of macro ‘TEST_FSM_SUB2_SUB_SUB_INSTANCE’
   28 |         , .fsm = test_fsm_sub2_subSubFSM\
      |                  ^~~~~~~~~~~~~~~~~~~~~~~~
   29 |         , .data = B\
      |                   
test_fsm.h:145:1: note: in expansion of macro ‘TEST_FSM_SUB2_INSTANCE’
  145 | TEST_FSM_SUB2_INSTANCE(A, D_test_fsm_sub2, D_test_fsm_sub2_subSub)\
      | ^~~~~~~~~~~~~~~~~~~~~~
test.c:20:1: note: in expansion of macro ‘TEST_FSM_INSTANCE’
   20 | TEST_FSM_INSTANCE(test_fsm1
      | ^~~~~~~~~~~~~~~~~
In file included from test_fsm.h:142,
                 from test.c:1:
test_fsm_instance_macros.h:61:12: error: ‘TEST_FSM_SUB2’ {aka ‘struct _test_fsm_sub2_struct_’} has no member named ‘actionArray’
   61 |         , .actionArray = &test_fsm_sub2_action_array\
      |            ^~~~~~~~~~~
test_fsm.h:145:1: note: in expansion of macro ‘TEST_FSM_SUB2_INSTANCE’
  145 | TEST_FSM_SUB2_INSTANCE(A, D_test_fsm_sub2, D_test_fsm_sub2_subSub)\
      | ^~~~~~~~~~~~~~~~~~~~~~
test.c:20:1: note: in expansion of macro ‘TEST_FSM_INSTANCE’
   20 | TEST_FSM_INSTANCE(test_fsm1
      | ^~~~~~~~~~~~~~~~~
test_fsm_instance_macros.h:61:26: warning: excess elements in struct initializer
   61 |         , .actionArray = &test_fsm_sub2_action_array\
      |                          ^
test_fsm.h:145:1: note: in expansion of macro ‘TEST_FSM_SUB2_INSTANCE’
  145 | TEST_FSM_SUB2_INSTANCE(A, D_test_fsm_sub2, D_test_fsm_sub2_subSub)\
      | ^~~~~~~~~~~~~~~~~~~~~~
test.c:20:1: note: in expansion of macro ‘TEST_FSM_INSTANCE’
   20 | TEST_FSM_INSTANCE(test_fsm1
      | ^~~~~~~~~~~~~~~~~
test_fsm_instance_macros.h:61:26: note: (near initialization for ‘test_fsm1_sub2’)
   61 |         , .actionArray = &test_fsm_sub2_action_array\
      |                          ^
test_fsm.h:145:1: note: in expansion of macro ‘TEST_FSM_SUB2_INSTANCE’
  145 | TEST_FSM_SUB2_INSTANCE(A, D_test_fsm_sub2, D_test_fsm_sub2_subSub)\
      | ^~~~~~~~~~~~~~~~~~~~~~
test.c:20:1: note: in expansion of macro ‘TEST_FSM_INSTANCE’
   20 | TEST_FSM_INSTANCE(test_fsm1
      | ^~~~~~~~~~~~~~~~~
test_fsm_instance_macros.h:62:12: error: ‘TEST_FSM_SUB2’ {aka ‘struct _test_fsm_sub2_struct_’} has no member named ‘fsm’
   62 |         , .fsm = test_fsm_sub2FSM\
      |            ^~~
test_fsm.h:145:1: note: in expansion of macro ‘TEST_FSM_SUB2_INSTANCE’
  145 | TEST_FSM_SUB2_INSTANCE(A, D_test_fsm_sub2, D_test_fsm_sub2_subSub)\
      | ^~~~~~~~~~~~~~~~~~~~~~
test.c:20:1: note: in expansion of macro ‘TEST_FSM_INSTANCE’
   20 | TEST_FSM_INSTANCE(test_fsm1
      | ^~~~~~~~~~~~~~~~~
test_fsm_instance_macros.h:62:18: warning: excess elements in struct initializer
   62 |         , .fsm = test_fsm_sub2FSM\
      |                  ^~~~~~~~~~~~~~~~~
   63 |         , .subMachineArray = &sub2_sub_fsm_if_array\
      |                   
test_fsm_instance_macros.h:62:18: note: in definition of macro ‘TEST_FSM_SUB2_INSTANCE’
   62 |         , .fsm = test_fsm_sub2FSM\
      |                  ^~~~~~~~~~~~~~~~~
   63 |         , .subMachineArray = &sub2_sub_fsm_if_array\
      |                   
test.c:20:1: note: in expansion of macro ‘TEST_FSM_INSTANCE’
   20 | TEST_FSM_INSTANCE(test_fsm1
      | ^~~~~~~~~~~~~~~~~
test_fsm_instance_macros.h:62:18: note: (near initialization for ‘test_fsm1_sub2’)
   62 |         , .fsm = test_fsm_sub2FSM\
      |                  ^~~~~~~~~~~~~~~~~
   63 |         , .subMachineArray = &sub2_sub_fsm_if_array\
      |                   
test_fsm_instance_macros.h:62:18: note: in definition of macro ‘TEST_FSM_SUB2_INSTANCE’
   62 |         , .fsm = test_fsm_sub2FSM\
      |                  ^~~~~~~~~~~~~~~~~
   63 |         , .subMachineArray = &sub2_sub_fsm_if_array\
      |                   
test.c:20:1: note: in expansion of macro ‘TEST_FSM_INSTANCE’
   20 | TEST_FSM_INSTANCE(test_fsm1
      | ^~~~~~~~~~~~~~~~~
test_fsm_instance_macros.h:63:12: error: ‘TEST_FSM_SUB2’ {aka ‘struct _test_fsm_sub2_struct_’} has no member named ‘subMachineArray’
   63 |         , .subMachineArray = &sub2_sub_fsm_if_array\
      |            ^~~~~~~~~~~~~~~
test_fsm.h:145:1: note: in expansion of macro ‘TEST_FSM_SUB2_INSTANCE’
  145 | TEST_FSM_SUB2_INSTANCE(A, D_test_fsm_sub2, D_test_fsm_sub2_subSub)\
      | ^~~~~~~~~~~~~~~~~~~~~~
test.c:20:1: note: in expansion of macro ‘TEST_FSM_INSTANCE’
   20 | TEST_FSM_INSTANCE(test_fsm1
      | ^~~~~~~~~~~~~~~~~
test_fsm_instance_macros.h:63:30: warning: excess elements in struct initializer
   63 |         , .subMachineArray = &sub2_sub_fsm_if_array\
      |                              ^
test_fsm.h:145:1: note: in expansion of macro ‘TEST_FSM_SUB2_INSTANCE’
  145 | TEST_FSM_SUB2_INSTANCE(A, D_test_fsm_sub2, D_test_fsm_sub2_subSub)\
      | ^~~~~~~~~~~~~~~~~~~~~~
test.c:20:1: note: in expansion of macro ‘TEST_FSM_INSTANCE’
   20 | TEST_FSM_INSTANCE(test_fsm1
      | ^~~~~~~~~~~~~~~~~
test_fsm_instance_macros.h:63:30: note: (near initialization for ‘test_fsm1_sub2’)
   63 |         , .subMachineArray = &sub2_sub_fsm_if_array\
      |                              ^
test_fsm.h:145:1: note: in expansion of macro ‘TEST_FSM_SUB2_INSTANCE’
  145 | TEST_FSM_SUB2_INSTANCE(A, D_test_fsm_sub2, D_test_fsm_sub2_subSub)\
      | ^~~~~~~~~~~~~~~~~~~~~~
test.c:20:1: note: in expansion of macro ‘TEST_FSM_INSTANCE’
   20 | TEST_FSM_INSTANCE(test_fsm1
      | ^~~~~~~~~~~~~~~~~
test_fsm_instance_macros.h:64:12: error: ‘TEST_FSM_SUB2’ {aka ‘struct _test_fsm_sub2_struct_’} has no member named ‘subMachines’
   64 |         , .subMachines = &A##_sub2_sma\
      |            ^~~~~~~~~~~
test_fsm.h:145:1: note: in expansion of macro ‘TEST_FSM_SUB2_INSTANCE’
  145 | TEST_FSM_SUB2_INSTANCE(A, D_test_fsm_sub2, D_test_fsm_sub2_subSub)\
      | ^~~~~~~~~~~~~~~~~~~~~~
test.c:20:1: note: in expansion of macro ‘TEST_FSM_INSTANCE’
   20 | TEST_FSM_INSTANCE(test_fsm1
      | ^~~~~~~~~~~~~~~~~
test_fsm_instance_macros.h:64:26: warning: excess elements in struct initializer
   64 |         , .subMachines = &A##_sub2_sma\
      |                          ^
test_fsm.h:145:1: note: in expansion of macro ‘TEST_FSM_SUB2_INSTANCE’
  145 | TEST_FSM_SUB2_INSTANCE(A, D_test_fsm_sub2, D_test_fsm_sub2_subSub)\
      | ^~~~~~~~~~~~~~~~~~~~~~
test.c:20:1: note: in expansion of macro ‘TEST_FSM_INSTANCE’
   20 | TEST_FSM_INSTANCE(test_fsm1
      | ^~~~~~~~~~~~~~~~~
test_fsm_instance_macros.h:64:26: note: (near initialization for ‘test_fsm1_sub2’)
   64 |         , .subMachines = &A##_sub2_sma\
      |                          ^
test_fsm.h:145:1: note: in expansion of macro ‘TEST_FSM_SUB2_INSTANCE’
  145 | TEST_FSM_SUB2_INSTANCE(A, D_test_fsm_sub2, D_test_fsm_sub2_subSub)\
      | ^~~~~~~~~~~~~~~~~~~~~~
test.c:20:1: note: in expansion of macro ‘TEST_FSM_INSTANCE’
   20 | TEST_FSM_INSTANCE(test_fsm1
      | ^~~~~~~~~~~~~~~~~
In file included from test_fsm_instance_macros.h:20,
                 from test_fsm.h:142,
                 from test.c:1:
sub_instance_macros.h:27:12: error: ‘TEST_FSM_SUB_SUB_SUB’ {aka ‘struct _test_fsm_sub_subSub_struct_’} has no member named ‘actionArray’
   27 |         , .actionArray = &test_fsm_sub_subSub_action_array\
      |            ^~~~~~~~~~~
test_fsm_instance_macros.h:25:1: note: in expansion of macro ‘TEST_FSM_SUB_SUB_SUB_INSTANCE’
   25 | TEST_FSM_SUB_SUB_SUB_INSTANCE(A, D_test_fsm_sub_subSub)\
      | ^~~~~~~~~~~~~~~~~~~~~~~~~~~~~
test_fsm.h:144:1: note: in expansion of macro ‘TEST_FSM_SUB_INSTANCE’
  144 | TEST_FSM_SUB_INSTANCE(A, D_test_fsm_sub, D_test_fsm_sub_subSub)\
      | ^~~~~~~~~~~~~~~~~~~~~
test.c:32:1: note: in expansion of macro ‘TEST_FSM_INSTANCE’
   32 | TEST_FSM_INSTANCE(test_fsm2
      | ^~~~~~~~~~~~~~~~~
sub_instance_macros.h:27:26: warning: excess elements in struct initializer
   27 |         , .actionArray = &test_fsm_sub_subSub_action_array\
      |                          ^
test_fsm_instance_macros.h:25:1: note: in expansion of macro ‘TEST_FSM_SUB_SUB_SUB_INSTANCE’
   25 | TEST_FSM_SUB_SUB_SUB_INSTANCE(A, D_test_fsm_sub_subSub)\
      | ^~~~~~~~~~~~~~~~~~~~~~~~~~~~~
test_fsm.h:144:1: note: in expansion of macro ‘TEST_FSM_SUB_INSTANCE’
  144 | TEST_FSM_SUB_INSTANCE(A, D_test_fsm_sub, D_test_fsm_sub_subSub)\
      | ^~~~~~~~~~~~~~~~~~~~~
test.c:32:1: note: in expansion of macro ‘TEST_FSM_INSTANCE’
   32 | TEST_FSM_INSTANCE(test_fsm2
      | ^~~~~~~~~~~~~~~~~
sub_instance_macros.h:27:26: note: (near initialization for ‘test_fsm2_sub_subSub’)
   27 |         , .actionArray = &test_fsm_sub_subSub_action_array\
      |                          ^
test_fsm_instance_macros.h:25:1: note: in expansion of macro ‘TEST_FSM_SUB_SUB_SUB_INSTANCE’
   25 | TEST_FSM_SUB_SUB_SUB_INSTANCE(A, D_test_fsm_sub_subSub)\
      | ^~~~~~~~~~~~~~~~~~~~~~~~~~~~~
test_fsm.h:144:1: note: in expansion of macro ‘TEST_FSM_SUB_INSTANCE’
  144 | TEST_FSM_SUB_INSTANCE(A, D_test_fsm_sub, D_test_fsm_sub_subSub)\
      | ^~~~~~~~~~~~~~~~~~~~~
test.c:32:1: note: in expansion of macro ‘TEST_FSM_INSTANCE’
   32 | TEST_FSM_INSTANCE(test_fsm2
      | ^~~~~~~~~~~~~~~~~
sub_instance_macros.h:28:12: error: ‘TEST_FSM_SUB_SUB_SUB’ {aka ‘struct _test_fsm_sub_subSub_struct_’} has no member named ‘fsm’
   28 |         , .fsm = test_fsm_sub_subSubFSM\
      |            ^~~
test_fsm_instance_macros.h:25:1: note: in expansion of macro ‘TEST_FSM_SUB_SUB_SUB_INSTANCE’
   25 | TEST_FSM_SUB_SUB_SUB_INSTANCE(A, D_test_fsm_sub_subSub)\
      | ^~~~~~~~~~~~~~~~~~~~~~~~~~~~~
test_fsm.h:144:1: note: in expansion of macro ‘TEST_FSM_SUB_INSTANCE’
  144 | TEST_FSM_SUB_INSTANCE(A, D_test_fsm_sub, D_test_fsm_sub_subSub)\
      | ^~~~~~~~~~~~~~~~~~~~~
test.c:32:1: note: in expansion of macro ‘TEST_FSM_INSTANCE’
   32 | TEST_FSM_INSTANCE(test_fsm2
      | ^~~~~~~~~~~~~~~~~
sub_instance_macros.h:28:18: warning: excess elements in struct initializer
   28 |         , .fsm = test_fsm_sub_subSubFSM\
      |                  ^~~~~~~~~~~~~~~~~~~~~~~
   29 |         , .data = B\
      |                   
sub_instance_macros.h:28:18: note: in definition of macro ‘TEST_FSM_SUB_SUB_SUB_INSTANCE’
   28 |         , .fsm = test_fsm_sub_subSubFSM\
      |                  ^~~~~~~~~~~~~~~~~~~~~~~
   29 |         , .data = B\
      |                   
test_fsm.h:144:1: note: in expansion of macro ‘TEST_FSM_SUB_INSTANCE’
  144 | TEST_FSM_SUB_INSTANCE(A, D_test_fsm_sub, D_test_fsm_sub_subSub)\
      | ^~~~~~~~~~~~~~~~~~~~~
test.c:32:1: note: in expansion of macro ‘TEST_FSM_INSTANCE’
   32 | TEST_FSM_INSTANCE(test_fsm2
      | ^~~~~~~~~~~~~~~~~
sub_instance_macros.h:28:18: note: (near initialization for ‘test_fsm2_sub_subSub’)
   28 |         , .fsm = test_fsm_sub_subSubFSM\
      |                  ^~~~~~~~~~~~~~~~~~~~~~~
   29 |         , .data = B\
      |                   
sub_instance_macros.h:28:18: note: in definition of macro ‘TEST_FSM_SUB_SUB_SUB_INSTANCE’
   28 |         , .fsm = test_fsm_sub_subSubFSM\
      |                  ^~~~~~~~~~~~~~~~~~~~~~~
   29 |         , .data = B\
      |                   
test_fsm.h:144:1: note: in expansion of macro ‘TEST_FSM_SUB_INSTANCE’
  144 | TEST_FSM_SUB_INSTANCE(A, D_test_fsm_sub, D_test_fsm_sub_subSub)\
      | ^~~~~~~~~~~~~~~~~~~~~
test.c:32:1: note: in expansion of macro ‘TEST_FSM_INSTANCE’
   32 | TEST_FSM_INSTANCE(test_fsm2
      | ^~~~~~~~~~~~~~~~~
In file included from test_fsm.h:142,
                 from test.c:1:
test_fsm_instance_macros.h:31:12: error: ‘TEST_FSM_SUB’ {aka ‘struct _test_fsm_sub_struct_’} has no member named ‘actionArray’
   31 |         , .actionArray = &test_fsm_sub_action_array\
      |            ^~~~~~~~~~~
test_fsm.h:144:1: note: in expansion of macro ‘TEST_FSM_SUB_INSTANCE’
  144 | TEST_FSM_SUB_INSTANCE(A, D_test_fsm_sub, D_test_fsm_sub_subSub)\
      | ^~~~~~~~~~~~~~~~~~~~~
test.c:32:1: note: in expansion of macro ‘TEST_FSM_INSTANCE’
   32 | TEST_FSM_INSTANCE(test_fsm2
      | ^~~~~~~~~~~~~~~~~
test_fsm_instance_macros.h:31:26: warning: excess elements in struct initializer
   31 |         , .actionArray = &test_fsm_sub_action_array\
      |                          ^
test_fsm.h:144:1: note: in expansion of macro ‘TEST_FSM_SUB_INSTANCE’
  144 | TEST_FSM_SUB_INSTANCE(A, D_test_fsm_sub, D_test_fsm_sub_subSub)\
      | ^~~~~~~~~~~~~~~~~~~~~
test.c:32:1: note: in expansion of macro ‘TEST_FSM_INSTANCE’
   32 | TEST_FSM_INSTANCE(test_fsm2
      | ^~~~~~~~~~~~~~~~~
test_fsm_instance_macros.h:31:26: note: (near initialization for ‘test_fsm2_sub’)
   31 |         , .actionArray = &test_fsm_sub_action_array\
      |                          ^
test_fsm.h:144:1: note: in expansion of macro ‘TEST_FSM_SUB_INSTANCE’
  144 | TEST_FSM_SUB_INSTANCE(A, D_test_fsm_sub, D_test_fsm_sub_subSub)\
      | ^~~~~~~~~~~~~~~~~~~~~
test.c:32:1: note: in expansion of macro ‘TEST_FSM_INSTANCE’
   32 | TEST_FSM_INSTANCE(test_fsm2
      | ^~~~~~~~~~~~~~~~~
test_fsm_instance_macros.h:32:12: error: ‘TEST_FSM_SUB’ {aka ‘struct _test_fsm_sub_struct_’} has no member named ‘fsm’
   32 |         , .fsm = test_fsm_subFSM\
      |            ^~~
test_fsm.h:144:1: note: in expansion of macro ‘TEST_FSM_SUB_INSTANCE’
  144 | TEST_FSM_SUB_INSTANCE(A, D_test_fsm_sub, D_test_fsm_sub_subSub)\
      | ^~~~~~~~~~~~~~~~~~~~~
test.c:32:1: note: in expansion of macro ‘TEST_FSM_INSTANCE’
   32 | TEST_FSM_INSTANCE(test_fsm2
      | ^~~~~~~~~~~~~~~~~
test_fsm_instance_macros.h:32:18: warning: excess elements in struct initializer
   32 |         , .fsm = test_fsm_subFSM\
      |                  ^~~~~~~~~~~~~~~~
   33 |         , .subMachineArray = &sub_sub_fsm_if_array\
      |                   
test_fsm_instance_macros.h:32:18: note: in definition of macro ‘TEST_FSM_SUB_INSTANCE’
   32 |         , .fsm = test_fsm_subFSM\
      |                  ^~~~~~~~~~~~~~~~
   33 |         , .subMachineArray = &sub_sub_fsm_if_array\
      |                   
test.c:32:1: note: in expansion of macro ‘TEST_FSM_INSTANCE’
   32 | TEST_FSM_INSTANCE(test_fsm2
      | ^~~~~~~~~~~~~~~~~
test_fsm_instance_macros.h:32:18: note: (near initialization for ‘test_fsm2_sub’)
   32 |         , .fsm = test_fsm_subFSM\
      |                  ^~~~~~~~~~~~~~~~
   33 |         , .subMachineArray = &sub_sub_fsm_if_array\
      |                   
test_fsm_instance_macros.h:32:18: note: in definition of macro ‘TEST_FSM_SUB_INSTANCE’
   32 |         , .fsm = test_fsm_subFSM\
      |                  ^~~~~~~~~~~~~~~~
   33 |         , .subMachineArray = &sub_sub_fsm_if_array\
      |                   
test.c:32:1: note: in expansion of macro ‘TEST_FSM_INSTANCE’
   32 | TEST_FSM_INSTANCE(test_fsm2
      | ^~~~~~~~~~~~~~~~~
test_fsm_instance_macros.h:33:12: error: ‘TEST_FSM_SUB’ {aka ‘struct _test_fsm_sub_struct_’} has no member named ‘subMachineArray’
   33 |         , .subMachineArray = &sub_sub_fsm_if_array\
      |            ^~~~~~~~~~~~~~~
test_fsm.h:144:1: note: in expansion of macro ‘TEST_FSM_SUB_INSTANCE’
  144 | TEST_FSM_SUB_INSTANCE(A, D_test_fsm_sub, D_test_fsm_sub_subSub)\
      | ^~~~~~~~~~~~~~~~~~~~~
test.c:32:1: note: in expansion of macro ‘TEST_FSM_INSTANCE’
   32 | TEST_FSM_INSTANCE(test_fsm2
      | ^~~~~~~~~~~~~~~~~
test_fsm_instance_macros.h:33:30: warning: excess elements in struct initializer
   33 |         , .subMachineArray = &sub_sub_fsm_if_array\
      |                              ^
test_fsm.h:144:1: note: in expansion of macro ‘TEST_FSM_SUB_INSTANCE’
  144 | TEST_FSM_SUB_INSTANCE(A, D_test_fsm_sub, D_test_fsm_sub_subSub)\
      | ^~~~~~~~~~~~~~~~~~~~~
test.c:32:1: note: in expansion of macro ‘TEST_FSM_INSTANCE’
   32 | TEST_FSM_INSTANCE(test_fsm2
      | ^~~~~~~~~~~~~~~~~
test_fsm_instance_macros.h:33:30: note: (near initialization for ‘test_fsm2_sub’)
   33 |         , .subMachineArray = &sub_sub_fsm_if_array\
      |                              ^
test_fsm.h:144:1: note: in expansion of macro ‘TEST_FSM_SUB_INSTANCE’
  144 | TEST_FSM_SUB_INSTANCE(A, D_test_fsm_sub, D_test_fsm_sub_subSub)\
      | ^~~~~~~~~~~~~~~~~~~~~
test.c:32:1: note: in expansion of macro ‘TEST_FSM_INSTANCE’
   32 | TEST_FSM_INSTANCE(test_fsm2
      | ^~~~~~~~~~~~~~~~~
test_fsm_instance_macros.h:34:12: error: ‘TEST_FSM_SUB’ {aka ‘struct _test_fsm_sub_struct_’} has no member named ‘subMachines’
   34 |         , .subMachines = &A##_sub_sma\
      |            ^~~~~~~~~~~
test_fsm.h:144:1: note: in expansion of macro ‘TEST_FSM_SUB_INSTANCE’
  144 | TEST_FSM_SUB_INSTANCE(A, D_test_fsm_sub, D_test_fsm_sub_subSub)\
      | ^~~~~~~~~~~~~~~~~~~~~
test.c:32:1: note: in expansion of macro ‘TEST_FSM_INSTANCE’
   32 | TEST_FSM_INSTANCE(test_fsm2
      | ^~~~~~~~~~~~~~~~~
test_fsm_instance_macros.h:34:26: warning: excess elements in struct initializer
   34 |         , .subMachines = &A##_sub_sma\
      |                          ^
test_fsm.h:144:1: note: in expansion of macro ‘TEST_FSM_SUB_INSTANCE’
  144 | TEST_FSM_SUB_INSTANCE(A, D_test_fsm_sub, D_test_fsm_sub_subSub)\
      | ^~~~~~~~~~~~~~~~~~~~~
test.c:32:1: note: in expansion of macro ‘TEST_FSM_INSTANCE’
   32 | TEST_FSM_INSTANCE(test_fsm2
      | ^~~~~~~~~~~~~~~~~
test_fsm_instance_macros.h:34:26: note: (near initialization for ‘test_fsm2_sub’)
   34 |         , .subMachines = &A##_sub_sma\
      |                          ^
test_fsm.h:144:1: note: in expansion of macro ‘TEST_FSM_SUB_INSTANCE’
  144 | TEST_FSM_SUB_INSTANCE(A, D_test_fsm_sub, D_test_fsm_sub_subSub)\
      | ^~~~~~~~~~~~~~~~~~~~~
test.c:32:1: note: in expansion of macro ‘TEST_FSM_INSTANCE’
   32 | TEST_FSM_INSTANCE(test_fsm2
      | ^~~~~~~~~~~~~~~~~
In file included from test_fsm_instance_macros.h:50,
                 from test_fsm.h:142,
                 from test.c:1:
sub2_instance_macros.h:27:12: error: ‘TEST_FSM_SUB2_SUB_SUB’ {aka ‘struct _test_fsm_sub2_subSub_struct_’} has no member named ‘actionArray’
   27 |         , .actionArray = &test_fsm_sub2_subSub_action_array\
      |            ^~~~~~~~~~~
test_fsm_instance_macros.h:55:1: note: in expansion of macro ‘TEST_FSM_SUB2_SUB_SUB_INSTANCE’
   55 | TEST_FSM_SUB2_SUB_SUB_INSTANCE(A, D_test_fsm_sub2_subSub)\
      | ^~~~~~~~~~~~~~~~~~~~~~~~~~~~~~
test_fsm.h:145:1: note: in expansion of macro ‘TEST_FSM_SUB2_INSTANCE’
  145 | TEST_FSM_SUB2_INSTANCE(A, D_test_fsm_sub2, D_test_fsm_sub2_subSub)\
      | ^~~~~~~~~~~~~~~~~~~~~~
test.c:32:1: note: in expansion of macro ‘TEST_FSM_INSTANCE’
   32 | TEST_FSM_INSTANCE(test_fsm2
      | ^~~~~~~~~~~~~~~~~
sub2_instance_macros.h:27:26: warning: excess elements in struct initializer
   27 |         , .actionArray = &test_fsm_sub2_subSub_action_array\
      |                          ^
test_fsm_instance_macros.h:55:1: note: in expansion of macro ‘TEST_FSM_SUB2_SUB_SUB_INSTANCE’
   55 | TEST_FSM_SUB2_SUB_SUB_INSTANCE(A, D_test_fsm_sub2_subSub)\
      | ^~~~~~~~~~~~~~~~~~~~~~~~~~~~~~
test_fsm.h:145:1: note: in expansion of macro ‘TEST_FSM_SUB2_INSTANCE’
  145 | TEST_FSM_SUB2_INSTANCE(A, D_test_fsm_sub2, D_test_fsm_sub2_subSub)\
      | ^~~~~~~~~~~~~~~~~~~~~~
test.c:32:1: note: in expansion of macro ‘TEST_FSM_INSTANCE’
   32 | TEST_FSM_INSTANCE(test_fsm2
      | ^~~~~~~~~~~~~~~~~
sub2_instance_macros.h:27:26: note: (near initialization for ‘test_fsm2_sub2_subSub’)
   27 |         , .actionArray = &test_fsm_sub2_subSub_action_array\
      |                          ^
test_fsm_instance_macros.h:55:1: note: in expansion of macro ‘TEST_FSM_SUB2_SUB_SUB_INSTANCE’
   55 | TEST_FSM_SUB2_SUB_SUB_INSTANCE(A, D_test_fsm_sub2_subSub)\
      | ^~~~~~~~~~~~~~~~~~~~~~~~~~~~~~
test_fsm.h:145:1: note: in expansion of macro ‘TEST_FSM_SUB2_INSTANCE’
  145 | TEST_FSM_SUB2_INSTANCE(A, D_test_fsm_sub2, D_test_fsm_sub2_subSub)\
      | ^~~~~~~~~~~~~~~~~~~~~~
test.c:32:1: note: in expansion of macro ‘TEST_FSM_INSTANCE’
   32 | TEST_FSM_INSTANCE(test_fsm2
      | ^~~~~~~~~~~~~~~~~
sub2_instance_macros.h:28:12: error: ‘TEST_FSM_SUB2_SUB_SUB’ {aka ‘struct _test_fsm_sub2_subSub_struct_’} has no member named ‘fsm’
   28 |         , .fsm = test_fsm_sub2_subSubFSM\
      |            ^~~
test_fsm_instance_macros.h:55:1: note: in expansion of macro ‘TEST_FSM_SUB2_SUB_SUB_INSTANCE’
   55 | TEST_FSM_SUB2_SUB_SUB_INSTANCE(A, D_test_fsm_sub2_subSub)\
      | ^~~~~~~~~~~~~~~~~~~~~~~~~~~~~~
test_fsm.h:145:1: note: in expansion of macro ‘TEST_FSM_SUB2_INSTANCE’
  145 | TEST_FSM_SUB2_INSTANCE(A, D_test_fsm_sub2, D_test_fsm_sub2_subSub)\
      | ^~~~~~~~~~~~~~~~~~~~~~
test.c:32:1: note: in expansion of macro ‘TEST_FSM_INSTANCE’
   32 | TEST_FSM_INSTANCE(test_fsm2
      | ^~~~~~~~~~~~~~~~~
sub2_instance_macros.h:28:18: warning: excess elements in struct initializer
   28 |         , .fsm = test_fsm_sub2_subSubFSM\
      |                  ^~~~~~~~~~~~~~~~~~~~~~~~
   29 |         , .data = B\
      |                   
sub2_instance_macros.h:28:18: note: in definition of macro ‘TEST_FSM_SUB2_SUB_SUB_INSTANCE’
   28 |         , .fsm = test_fsm_sub2_subSubFSM\
      |                  ^~~~~~~~~~~~~~~~~~~~~~~~
   29 |         , .data = B\
      |                   
test_fsm.h:145:1: note: in expansion of macro ‘TEST_FSM_SUB2_INSTANCE’
  145 | TEST_FSM_SUB2_INSTANCE(A, D_test_fsm_sub2, D_test_fsm_sub2_subSub)\
      | ^~~~~~~~~~~~~~~~~~~~~~
test.c:32:1: note: in expansion of macro ‘TEST_FSM_INSTANCE’
   32 | TEST_FSM_INSTANCE(test_fsm2
      | ^~~~~~~~~~~~~~~~~
sub2_instance_macros.h:28:18: note: (near initialization for ‘test_fsm2_sub2_subSub’)
   28 |         , .fsm = test_fsm_sub2_subSubFSM\
      |                  ^~~~~~~~~~~~~~~~~~~~~~~~
   29 |         , .data = B\
      |                   
sub2_instance_macros.h:28:18: note: in definition of macro ‘TEST_FSM_SUB2_SUB_SUB_INSTANCE’
   28 |         , .fsm = test_fsm_sub2_subSubFSM\
      |                  ^~~~~~~~~~~~~~~~~~~~~~~~
   29 |         , .data = B\
      |                   
test_fsm.h:145:1: note: in expansion of macro ‘TEST_FSM_SUB2_INSTANCE’
  145 | TEST_FSM_SUB2_INSTANCE(A, D_test_fsm_sub2, D_test_fsm_sub2_subSub)\
      | ^~~~~~~~~~~~~~~~~~~~~~
test.c:32:1: note: in expansion of macro ‘TEST_FSM_INSTANCE’
   32 | TEST_FSM_INSTANCE(test_fsm2
      | ^~~~~~~~~~~~~~~~~
In file included from test_fsm.h:142,
                 from test.c:1:
test_fsm_instance_macros.h:61:12: error: ‘TEST_FSM_SUB2’ {aka ‘struct _test_fsm_sub2_struct_’} has no member named ‘actionArray’
   61 |         , .actionArray = &test_fsm_sub2_action_array\
      |            ^~~~~~~~~~~
test_fsm.h:145:1: note: in expansion of macro ‘TEST_FSM_SUB2_INSTANCE’
  145 | TEST_FSM_SUB2_INSTANCE(A, D_test_fsm_sub2, D_test_fsm_sub2_subSub)\
      | ^~~~~~~~~~~~~~~~~~~~~~
test.c:32:1: note: in expansion of macro ‘TEST_FSM_INSTANCE’
   32 | TEST_FSM_INSTANCE(test_fsm2
      | ^~~~~~~~~~~~~~~~~
test_fsm_instance_macros.h:61:26: warning: excess elements in struct initializer
   61 |         , .actionArray = &test_fsm_sub2_action_array\
      |                          ^
test_fsm.h:145:1: note: in expansion of macro ‘TEST_FSM_SUB2_INSTANCE’
  145 | TEST_FSM_SUB2_INSTANCE(A, D_test_fsm_sub2, D_test_fsm_sub2_subSub)\
      | ^~~~~~~~~~~~~~~~~~~~~~
test.c:32:1: note: in expansion of macro ‘TEST_FSM_INSTANCE’
   32 | TEST_FSM_INSTANCE(test_fsm2
      | ^~~~~~~~~~~~~~~~~
test_fsm_instance_macros.h:61:26: note: (near initialization for ‘test_fsm2_sub2’)
   61 |         , .actionArray = &test_fsm_sub2_action_array\
      |                          ^
test_fsm.h:145:1: note: in expansion of macro ‘TEST_FSM_SUB2_INSTANCE’
  145 | TEST_FSM_SUB2_INSTANCE(A, D_test_fsm_sub2, D_test_fsm_sub2_subSub)\
      | ^~~~~~~~~~~~~~~~~~~~~~
test.c:32:1: note: in expansion of macro ‘TEST_FSM_INSTANCE’
   32 | TEST_FSM_INSTANCE(test_fsm2
      | ^~~~~~~~~~~~~~~~~
test_fsm_instance_macros.h:62:12: error: ‘TEST_FSM_SUB2’ {aka ‘struct _test_fsm_sub2_struct_’} has no member named ‘fsm’
   62 |         , .fsm = test_fsm_sub2FSM\
      |            ^~~
test_fsm.h:145:1: note: in expansion of macro ‘TEST_FSM_SUB2_INSTANCE’
  145 | TEST_FSM_SUB2_INSTANCE(A, D_test_fsm_sub2, D_test_fsm_sub2_subSub)\
      | ^~~~~~~~~~~~~~~~~~~~~~
test.c:32:1: note: in expansion of macro ‘TEST_FSM_INSTANCE’
   32 | TEST_FSM_INSTANCE(test_fsm2
      | ^~~~~~~~~~~~~~~~~
test_fsm_instance_macros.h:62:18: warning: excess elements in struct initializer
   62 |         , .fsm = test_fsm_sub2FSM\
      |                  ^~~~~~~~~~~~~~~~~
   63 |         , .subMachineArray = &sub2_sub_fsm_if_array\
      |                   
test_fsm_instance_macros.h:62:18: note: in definition of macro ‘TEST_FSM_SUB2_INSTANCE’
   62 |         , .fsm = test_fsm_sub2FSM\
      |                  ^~~~~~~~~~~~~~~~~
   63 |         , .subMachineArray = &sub2_sub_fsm_if_array\
      |                   
test.c:32:1: note: in expansion of macro ‘TEST_FSM_INSTANCE’
   32 | TEST_FSM_INSTANCE(test_fsm2
      | ^~~~~~~~~~~~~~~~~
test_fsm_instance_macros.h:62:18: note: (near initialization for ‘test_fsm2_sub2’)
   62 |         , .fsm = test_fsm_sub2FSM\
      |                  ^~~~~~~~~~~~~~~~~
   63 |         , .subMachineArray = &sub2_sub_fsm_if_array\
      |                   
test_fsm_instance_macros.h:62:18: note: in definition of macro ‘TEST_FSM_SUB2_INSTANCE’
   62 |         , .fsm = test_fsm_sub2FSM\
      |                  ^~~~~~~~~~~~~~~~~
   63 |         , .subMachineArray = &sub2_sub_fsm_if_array\
      |                   
test.c:32:1: note: in expansion of macro ‘TEST_FSM_INSTANCE’
   32 | TEST_FSM_INSTANCE(test_fsm2
      | ^~~~~~~~~~~~~~~~~
test_fsm_instance_macros.h:63:12: error: ‘TEST_FSM_SUB2’ {aka ‘struct _test_fsm_sub2_struct_’} has no member named ‘subMachineArray’
   63 |         , .subMachineArray = &sub2_sub_fsm_if_array\
      |            ^~~~~~~~~~~~~~~
test_fsm.h:145:1: note: in expansion of macro ‘TEST_FSM_SUB2_INSTANCE’
  145 | TEST_FSM_SUB2_INSTANCE(A, D_test_fsm_sub2, D_test_fsm_sub2_subSub)\
      | ^~~~~~~~~~~~~~~~~~~~~~
test.c:32:1: note: in expansion of macro ‘TEST_FSM_INSTANCE’
   32 | TEST_FSM_INSTANCE(test_fsm2
      | ^~~~~~~~~~~~~~~~~
test_fsm_instance_macros.h:63:30: warning: excess elements in struct initializer
   63 |         , .subMachineArray = &sub2_sub_fsm_if_array\
      |                              ^
test_fsm.h:145:1: note: in expansion of macro ‘TEST_FSM_SUB2_INSTANCE’
  145 | TEST_FSM_SUB2_INSTANCE(A, D_test_fsm_sub2, D_test_fsm_sub2_subSub)\
      | ^~~~~~~~~~~~~~~~~~~~~~
test.c:32:1: note: in expansion of macro ‘TEST_FSM_INSTANCE’
   32 | TEST_FSM_INSTANCE(test_fsm2
      | ^~~~~~~~~~~~~~~~~
test_fsm_instance_macros.h:63:30: note: (near initialization for ‘test_fsm2_sub2’)
   63 |         , .subMachineArray = &sub2_sub_fsm_if_array\
      |                              ^
test_fsm.h:145:1: note: in expansion of macro ‘TEST_FSM_SUB2_INSTANCE’
  145 | TEST_FSM_SUB2_INSTANCE(A, D_test_fsm_sub2, D_test_fsm_sub2_subSub)\
      | ^~~~~~~~~~~~~~~~~~~~~~
test.c:32:1: note: in expansion of macro ‘TEST_FSM_INSTANCE’
   32 | TEST_FSM_INSTANCE(test_fsm2
      | ^~~~~~~~~~~~~~~~~
test_fsm_instance_macros.h:64:12: error: ‘TEST_FSM_SUB2’ {aka ‘struct _test_fsm_sub2_struct_’} has no member named ‘subMachines’
   64 |         , .subMachines = &A##_sub2_sma\
      |            ^~~~~~~~~~~
test_fsm.h:145:1: note: in expansion of macro ‘TEST_FSM_SUB2_INSTANCE’
  145 | TEST_FSM_SUB2_INSTANCE(A, D_test_fsm_sub2, D_test_fsm_sub2_subSub)\
      | ^~~~~~~~~~~~~~~~~~~~~~
test.c:32:1: note: in expansion of macro ‘TEST_FSM_INSTANCE’
   32 | TEST_FSM_INSTANCE(test_fsm2
      | ^~~~~~~~~~~~~~~~~
test_fsm_instance_macros.h:64:26: warning: excess elements in struct initializer
   64 |         , .subMachines = &A##_sub2_sma\
      |                          ^
test_fsm.h:145:1: note: in expansion of macro ‘TEST_FSM_SUB2_INSTANCE’
  145 | TEST_FSM_SUB2_INSTANCE(A, D_test_fsm_sub2, D_test_fsm_sub2_subSub)\
      | ^~~~~~~~~~~~~~~~~~~~~~
test.c:32:1: note: in expansion of macro ‘TEST_FSM_INSTANCE’
   32 | TEST_FSM_INSTANCE(test_fsm2
      | ^~~~~~~~~~~~~~~~~
test_fsm_instance_macros.h:64:26: note: (near initialization for ‘test_fsm2_sub2’)
   64 |         , .subMachines = &A##_sub2_sma\
      |                          ^
test_fsm.h:145:1: note: in expansion of macro ‘TEST_FSM_SUB2_INSTANCE’
  145 | TEST_FSM_SUB2_INSTANCE(A, D_test_fsm_sub2, D_test_fsm_sub2_subSub)\
      | ^~~~~~~~~~~~~~~~~~~~~~
test.c:32:1: note: in expansion of macro ‘TEST_FSM_INSTANCE’
   32 | TEST_FSM_INSTANCE(test_fsm2
      | ^~~~~~~~~~~~~~~~~
make[1]: *** [<builtin>: test.o] Error 1
make: *** [../variants.mk:42: c_run] Error 2
